{
  "stats": {
    "suites": 1,
    "tests": 1,
    "passes": 0,
    "pending": 0,
    "failures": 1,
    "start": "2021-07-19T05:41:05.666Z",
    "end": "2021-07-19T05:41:16.687Z",
    "duration": 11021,
    "testsRegistered": 1,
    "passPercent": 0,
    "pendingPercent": 0,
    "other": 0,
    "hasOther": false,
    "skipped": 0,
    "hasSkipped": false
  },
  "results": [
    {
      "uuid": "66d4ecdd-beaa-4151-9228-986991fe070e",
      "title": "",
      "fullFile": "cypress/integration/webdriver-uni/iframe.js",
      "file": "cypress/integration/webdriver-uni/iframe.js",
      "beforeHooks": [],
      "afterHooks": [],
      "tests": [],
      "suites": [
        {
          "uuid": "5fe36931-7b49-42d9-98f4-a84779383fd5",
          "title": "Handling IFrame & Modals",
          "fullFile": "",
          "file": "",
          "beforeHooks": [],
          "afterHooks": [],
          "tests": [
            {
              "title": "Handle webdriveruni iframe and modal",
              "fullTitle": "Handling IFrame & Modals Handle webdriveruni iframe and modal",
              "timedOut": null,
              "duration": 10966,
              "state": "failed",
              "speed": null,
              "pass": false,
              "fail": true,
              "pending": false,
              "context": null,
              "code": "cy.visit('http://webdriveruniversity.com/');\ncy.get('#iframe').invoke('removeAttr', 'target').click();\ncy.get('#frame').then(function ($iframe) {\n  var body = $iframe.contents().find('body');\n  cy.wrap(body).as('iframe');\n});\ncy.get('@iframe').find('#button-find-out-more').click();\ncy.get('@iframe').find('#myModal').as('modal');\ncy.get('@modal').should(function ($expectedText) {\n  var text = $expectedText.text();\n  expect(text).to.include('Welcome to webdriveruniversity.com we sell a');\n});\ncy.get('@modal').contains('Close').click();",
              "err": {
                "message": "CypressError: Timed out retrying: `cy.click()` failed because this element is not visible:\n\n`<a href=\"IFrame/index.html\" id=\"iframe\">...</a>`\n\nThis element `<a#iframe>` is not visible because it has an effective width and height of: `0 x 0` pixels.\n\nFix this problem, or use `{force: true}` to disable error checking.\n\nhttps://on.cypress.io/element-cannot-be-interacted-with",
                "estack": "CypressError: Timed out retrying: `cy.click()` failed because this element is not visible:\n\n`<a href=\"IFrame/index.html\" id=\"iframe\">...</a>`\n\nThis element `<a#iframe>` is not visible because it has an effective width and height of: `0 x 0` pixels.\n\nFix this problem, or use `{force: true}` to disable error checking.\n\nhttps://on.cypress.io/element-cannot-be-interacted-with\n    at $Cy.ensureVisibility (http://webdriveruniversity.com/__cypress/runner/cypress_runner.js:160226:24)\n    at runAllChecks (http://webdriveruniversity.com/__cypress/runner/cypress_runner.js:149309:14)\n    at retryActionability (http://webdriveruniversity.com/__cypress/runner/cypress_runner.js:149352:16)\n    at tryCatcher (http://webdriveruniversity.com/__cypress/runner/cypress_runner.js:9956:23)\n    at Function.Promise.attempt.Promise.try (http://webdriveruniversity.com/__cypress/runner/cypress_runner.js:7230:29)\n    at tryFn (http://webdriveruniversity.com/__cypress/runner/cypress_runner.js:163481:24)\n    at whenStable (http://webdriveruniversity.com/__cypress/runner/cypress_runner.js:163522:12)\n    at http://webdriveruniversity.com/__cypress/runner/cypress_runner.js:163040:16\n    at tryCatcher (http://webdriveruniversity.com/__cypress/runner/cypress_runner.js:9956:23)\n    at Promise._settlePromiseFromHandler (http://webdriveruniversity.com/__cypress/runner/cypress_runner.js:7891:31)\n    at Promise._settlePromise (http://webdriveruniversity.com/__cypress/runner/cypress_runner.js:7948:18)\n    at Promise._settlePromise0 (http://webdriveruniversity.com/__cypress/runner/cypress_runner.js:7993:10)\n    at Promise._settlePromises (http://webdriveruniversity.com/__cypress/runner/cypress_runner.js:8073:18)\n    at Promise._fulfill (http://webdriveruniversity.com/__cypress/runner/cypress_runner.js:8017:18)\n    at http://webdriveruniversity.com/__cypress/runner/cypress_runner.js:9631:46\nFrom Your Spec Code:\n    at Context.eval (http://webdriveruniversity.com/__cypress/tests?p=cypress/integration/webdriver-uni/iframe.js:8:54)",
                "diff": null
              },
              "uuid": "045e939f-29d6-4ea0-a36c-6dbd8f65ec3b",
              "parentUUID": "5fe36931-7b49-42d9-98f4-a84779383fd5",
              "isHook": false,
              "skipped": false
            }
          ],
          "suites": [],
          "passes": [],
          "failures": [
            "045e939f-29d6-4ea0-a36c-6dbd8f65ec3b"
          ],
          "pending": [],
          "skipped": [],
          "duration": 10966,
          "root": false,
          "rootEmpty": false,
          "_timeout": 2000
        }
      ],
      "passes": [],
      "failures": [],
      "pending": [],
      "skipped": [],
      "duration": 0,
      "root": true,
      "rootEmpty": true,
      "_timeout": 2000
    }
  ],
  "meta": {
    "mocha": {
      "version": "7.0.1"
    },
    "mochawesome": {
      "options": {
        "quiet": false,
        "reportFilename": "mochawesome",
        "saveHtml": false,
        "saveJson": true,
        "consoleReporter": "spec",
        "useInlineDiffs": false,
        "code": true
      },
      "version": "6.2.2"
    },
    "marge": {
      "options": {
        "id": "default",
        "reportDir": "cypress/results/mochawesome",
        "quite": true,
        "overwrite": false,
        "html": false,
        "json": true
      },
      "version": "5.2.0"
    }
  }
}