{
  "stats": {
    "suites": 1,
    "tests": 4,
    "passes": 4,
    "pending": 0,
    "failures": 0,
    "start": "2021-07-19T05:41:23.935Z",
    "end": "2021-07-19T05:41:26.699Z",
    "duration": 2764,
    "testsRegistered": 4,
    "passPercent": 100,
    "pendingPercent": 0,
    "other": 0,
    "hasOther": false,
    "skipped": 0,
    "hasSkipped": false
  },
  "results": [
    {
      "uuid": "fb1d5d65-3852-4cdb-a9f1-e2b713a6b5ec",
      "title": "",
      "fullFile": "cypress/integration/webdriver-uni/mouse-actions.js",
      "file": "cypress/integration/webdriver-uni/mouse-actions.js",
      "beforeHooks": [],
      "afterHooks": [],
      "tests": [],
      "suites": [
        {
          "uuid": "40c81f2c-3489-47a0-947b-e38dfe5d2757",
          "title": "The mouse actions",
          "fullFile": "",
          "file": "",
          "beforeHooks": [],
          "afterHooks": [],
          "tests": [
            {
              "title": "Scroll element into view",
              "fullTitle": "The mouse actions Scroll element into view",
              "timedOut": null,
              "duration": 1025,
              "state": "passed",
              "speed": "slow",
              "pass": true,
              "fail": false,
              "pending": false,
              "context": null,
              "code": "cy.visit(\"http://webdriveruniversity.com/\");\ncy.get(\"#actions\").scrollIntoView().invoke(\"removeAttr\", \"target\").click({\n  force: true\n});",
              "err": {},
              "uuid": "f596380d-569e-403d-8638-e193aa7c9e99",
              "parentUUID": "40c81f2c-3489-47a0-947b-e38dfe5d2757",
              "isHook": false,
              "skipped": false
            },
            {
              "title": "I should be able to drag and drop a draggable item",
              "fullTitle": "The mouse actions I should be able to drag and drop a draggable item",
              "timedOut": null,
              "duration": 601,
              "state": "passed",
              "speed": "slow",
              "pass": true,
              "fail": false,
              "pending": false,
              "context": null,
              "code": "cy.visit(\"http://webdriveruniversity.com/\");\ncy.get(\"#actions\").scrollIntoView().invoke(\"removeAttr\", \"target\").click({\n  force: true\n});\ncy.get(\"#draggable\").trigger(\"mousedown\", {\n  which: 1\n});\ncy.get(\"#droppable\").trigger(\"mousemove\").trigger(\"mouseup\", {\n  force: true\n});",
              "err": {},
              "uuid": "afcbadf7-3693-416f-b197-28b8f23e1d53",
              "parentUUID": "40c81f2c-3489-47a0-947b-e38dfe5d2757",
              "isHook": false,
              "skipped": false
            },
            {
              "title": "I should be able to perform a double click",
              "fullTitle": "The mouse actions I should be able to perform a double click",
              "timedOut": null,
              "duration": 560,
              "state": "passed",
              "speed": "slow",
              "pass": true,
              "fail": false,
              "pending": false,
              "context": null,
              "code": "cy.visit(\"http://webdriveruniversity.com/\");\ncy.get(\"#actions\").scrollIntoView().invoke(\"removeAttr\", \"target\").click({\n  force: true\n});\ncy.get(\"#double-click\").dblclick();",
              "err": {},
              "uuid": "dc4d91bf-4bc9-41e5-8cf0-fe7f5e803055",
              "parentUUID": "40c81f2c-3489-47a0-947b-e38dfe5d2757",
              "isHook": false,
              "skipped": false
            },
            {
              "title": "I should be able to hold down mouse click button on a given element",
              "fullTitle": "The mouse actions I should be able to hold down mouse click button on a given element",
              "timedOut": null,
              "duration": 535,
              "state": "passed",
              "speed": "slow",
              "pass": true,
              "fail": false,
              "pending": false,
              "context": null,
              "code": "cy.visit(\"http://webdriveruniversity.com/\");\ncy.get(\"#actions\").scrollIntoView().invoke(\"removeAttr\", \"target\").click({\n  force: true\n});\ncy.get(\"#click-box\").trigger('mousedown').then(function ($el) {\n  expect($el).to.have.css('background-color', 'rgb(0, 255, 0)');\n});",
              "err": {},
              "uuid": "9373fffd-d58b-4a9c-91ca-a02629905322",
              "parentUUID": "40c81f2c-3489-47a0-947b-e38dfe5d2757",
              "isHook": false,
              "skipped": false
            }
          ],
          "suites": [],
          "passes": [
            "f596380d-569e-403d-8638-e193aa7c9e99",
            "afcbadf7-3693-416f-b197-28b8f23e1d53",
            "dc4d91bf-4bc9-41e5-8cf0-fe7f5e803055",
            "9373fffd-d58b-4a9c-91ca-a02629905322"
          ],
          "failures": [],
          "pending": [],
          "skipped": [],
          "duration": 2721,
          "root": false,
          "rootEmpty": false,
          "_timeout": 2000
        }
      ],
      "passes": [],
      "failures": [],
      "pending": [],
      "skipped": [],
      "duration": 0,
      "root": true,
      "rootEmpty": true,
      "_timeout": 2000
    }
  ],
  "meta": {
    "mocha": {
      "version": "7.0.1"
    },
    "mochawesome": {
      "options": {
        "quiet": false,
        "reportFilename": "mochawesome",
        "saveHtml": false,
        "saveJson": true,
        "consoleReporter": "spec",
        "useInlineDiffs": false,
        "code": true
      },
      "version": "6.2.2"
    },
    "marge": {
      "options": {
        "id": "default",
        "reportDir": "cypress/results/mochawesome",
        "quite": true,
        "overwrite": false,
        "html": false,
        "json": true
      },
      "version": "5.2.0"
    }
  }
}