{
  "stats": {
    "suites": 1,
    "tests": 2,
    "passes": 1,
    "pending": 0,
    "failures": 1,
    "start": "2021-07-19T05:39:26.228Z",
    "end": "2021-07-19T05:40:36.320Z",
    "duration": 70092,
    "testsRegistered": 2,
    "passPercent": 50,
    "pendingPercent": 0,
    "other": 0,
    "hasOther": false,
    "skipped": 0,
    "hasSkipped": false
  },
  "results": [
    {
      "uuid": "522481c5-94d9-4be9-9cc2-85f3bfe81863",
      "title": "",
      "fullFile": "cypress/integration/webdriver-uni/contact-us.js",
      "file": "cypress/integration/webdriver-uni/contact-us.js",
      "beforeHooks": [],
      "afterHooks": [],
      "tests": [],
      "suites": [
        {
          "uuid": "4e1c7848-1c73-4694-808a-4b237516678b",
          "title": "Test Contact Us form via WebdriverUni",
          "fullFile": "",
          "file": "",
          "beforeHooks": [],
          "afterHooks": [],
          "tests": [
            {
              "title": "Should be able to submit a successful submission via contact-us form",
              "fullTitle": "Test Contact Us form via WebdriverUni Should be able to submit a successful submission via contact-us form",
              "timedOut": null,
              "duration": 67336,
              "state": "failed",
              "speed": null,
              "pass": false,
              "fail": true,
              "pending": false,
              "context": null,
              "code": "cy.url().should(\"include\", \"contactus\");\ncy.title().should(\"include\", \"WebDriver | Contact\");\ncy.document().should(\"have.a.property\", \"charset\").and(\"eq\", \"UTF-8\");\ncy.wait(3000);\ncontact_Us_PO.contactForm_Submission(Cypress.env(\"first_name\"), data.last_name, data.email, \"How can I learn Cypress?\", \"h1\", \"Thank You for your Message!2\");",
              "err": {
                "message": "AssertionError: Timed out retrying: Expected to find content: 'Thank You for your Message!2' within the element: <h1> but never did.",
                "estack": "AssertionError: Timed out retrying: Expected to find content: 'Thank You for your Message!2' within the element: <h1> but never did.\n    at Contact_Us_PO.contactForm_Submission (http://webdriveruniversity.com/__cypress/tests?p=cypress/integration/webdriver-uni/contact-us.js:68:33)\n    at Context.eval (http://webdriveruniversity.com/__cypress/tests?p=cypress/integration/webdriver-uni/contact-us.js:31:19)",
                "diff": null
              },
              "uuid": "e6907d94-fbc4-4ad9-9839-77cd4a2f2863",
              "parentUUID": "4e1c7848-1c73-4694-808a-4b237516678b",
              "isHook": false,
              "skipped": false
            },
            {
              "title": "Should not be able to submit a successful submission via contact-us form",
              "fullTitle": "Test Contact Us form via WebdriverUni Should not be able to submit a successful submission via contact-us form",
              "timedOut": null,
              "duration": 2665,
              "state": "passed",
              "speed": "slow",
              "pass": true,
              "fail": false,
              "pending": false,
              "context": null,
              "code": "contact_Us_PO.contactForm_Submission(Cypress.env(\"first_name\"), data.last_name, \" \", \"How can I learn Cypress?\", \"body\", \"Error: Invalid email address\");\ncy.log(\"Test completed\");",
              "err": {},
              "uuid": "6fb4e25b-3d08-46c2-b4b8-c16efc09e8a0",
              "parentUUID": "4e1c7848-1c73-4694-808a-4b237516678b",
              "isHook": false,
              "skipped": false
            }
          ],
          "suites": [],
          "passes": [
            "6fb4e25b-3d08-46c2-b4b8-c16efc09e8a0"
          ],
          "failures": [
            "e6907d94-fbc4-4ad9-9839-77cd4a2f2863"
          ],
          "pending": [],
          "skipped": [],
          "duration": 70001,
          "root": false,
          "rootEmpty": false,
          "_timeout": 2000
        }
      ],
      "passes": [],
      "failures": [],
      "pending": [],
      "skipped": [],
      "duration": 0,
      "root": true,
      "rootEmpty": true,
      "_timeout": 2000
    }
  ],
  "meta": {
    "mocha": {
      "version": "7.0.1"
    },
    "mochawesome": {
      "options": {
        "quiet": false,
        "reportFilename": "mochawesome",
        "saveHtml": false,
        "saveJson": true,
        "consoleReporter": "spec",
        "useInlineDiffs": false,
        "code": true
      },
      "version": "6.2.2"
    },
    "marge": {
      "options": {
        "id": "default",
        "reportDir": "cypress/results/mochawesome",
        "quite": true,
        "overwrite": false,
        "html": false,
        "json": true
      },
      "version": "5.2.0"
    }
  }
}