{
  "stats": {
    "suites": 1,
    "tests": 0,
    "passes": 0,
    "pending": 0,
    "failures": 0,
    "start": "2021-07-19T15:51:35.215Z",
    "end": "2021-07-19T15:51:36.309Z",
    "duration": 1094,
    "testsRegistered": 3,
    "passPercent": 0,
    "pendingPercent": 0,
    "other": 1,
    "hasOther": true,
    "skipped": 3,
    "hasSkipped": true
  },
  "results": [
    {
      "uuid": "7d652ff8-285c-4547-9f0e-c306d7e8bb45",
      "title": "",
      "fullFile": "cypress/integration/webdriver-uni/checkboxes.js",
      "file": "cypress/integration/webdriver-uni/checkboxes.js",
      "beforeHooks": [],
      "afterHooks": [],
      "tests": [],
      "suites": [
        {
          "uuid": "593b6137-b0ea-4480-9259-470d7ad8473f",
          "title": "Verify checkboxes via webdriveruni",
          "fullFile": "",
          "file": "",
          "beforeHooks": [],
          "afterHooks": [],
          "tests": [
            {
              "title": "Check and validate checkbox",
              "fullTitle": "Verify checkboxes via webdriveruni Check and validate checkbox",
              "timedOut": null,
              "duration": 1010,
              "state": "failed",
              "speed": null,
              "pass": false,
              "fail": true,
              "pending": false,
              "context": null,
              "code": "cy.get(\"#checkboxes > :nth-child(1) > input\").check().should(\"be.checked\");\ncy.get(\"#checkboxes > :nth-child(3) > input\").as(\"option-2\");\ncy.get(\"@option-2\").check().should(\"be.checked\");",
              "err": {
                "message": "CypressError: `cy.visit()` failed trying to load:\n\nhttps://automationteststore.com/Dropdown-Checkboxes-RadioButtons/index.html\n\nThe response we received from your web server was:\n\n  > 404: Not Found\n\nThis was considered a failure because the status code was not `2xx`.\n\nIf you do not want status codes to cause failures pass the option: `failOnStatusCode: false`\n\nBecause this error occurred during a `before each` hook we are skipping the remaining tests in the current suite: `Verify checkboxes via webdr...`",
                "estack": "CypressError: `cy.visit()` failed trying to load:\n\nhttps://automationteststore.com/Dropdown-Checkboxes-RadioButtons/index.html\n\nThe response we received from your web server was:\n\n  > 404: Not Found\n\nThis was considered a failure because the status code was not `2xx`.\n\nIf you do not want status codes to cause failures pass the option: `failOnStatusCode: false`\n\nBecause this error occurred during a `before each` hook we are skipping the remaining tests in the current suite: `Verify checkboxes via webdr...`\n    at https://automationteststore.com/__cypress/runner/cypress_runner.js:156922:25\n    at visitFailedByErr (https://automationteststore.com/__cypress/runner/cypress_runner.js:156299:12)\n    at https://automationteststore.com/__cypress/runner/cypress_runner.js:156902:13\n    at tryCatcher (https://automationteststore.com/__cypress/runner/cypress_runner.js:9956:23)\n    at Promise._settlePromiseFromHandler (https://automationteststore.com/__cypress/runner/cypress_runner.js:7891:31)\n    at Promise._settlePromise (https://automationteststore.com/__cypress/runner/cypress_runner.js:7948:18)\n    at Promise._settlePromise0 (https://automationteststore.com/__cypress/runner/cypress_runner.js:7993:10)\n    at Promise._settlePromises (https://automationteststore.com/__cypress/runner/cypress_runner.js:8069:18)\n    at _drainQueueStep (https://automationteststore.com/__cypress/runner/cypress_runner.js:4663:12)\n    at _drainQueue (https://automationteststore.com/__cypress/runner/cypress_runner.js:4656:9)\n    at Async.../../node_modules/bluebird/js/release/async.js.Async._drainQueues (https://automationteststore.com/__cypress/runner/cypress_runner.js:4672:5)\n    at Async.drainQueues (https://automationteststore.com/__cypress/runner/cypress_runner.js:4542:14)\nFrom Your Spec Code:\n    at Context.eval (https://automationteststore.com/__cypress/tests?p=cypress/support/index.js:31:6)",
                "diff": null
              },
              "uuid": "2a4c823b-b240-43c0-8850-3cf26ecc071e",
              "parentUUID": "593b6137-b0ea-4480-9259-470d7ad8473f",
              "isHook": false,
              "skipped": false
            },
            {
              "title": "Uncheck and validate checkbox",
              "fullTitle": "Verify checkboxes via webdriveruni Uncheck and validate checkbox",
              "timedOut": null,
              "duration": 0,
              "state": "skipped",
              "speed": null,
              "pass": false,
              "fail": false,
              "pending": false,
              "context": null,
              "code": "cy.get(\"#checkboxes > :nth-child(3) > input\").as(\"option-2\");\ncy.get(\"@option-2\").should(\"not.be.checked\");",
              "err": {},
              "uuid": "0fb26fce-f660-4a5b-a75f-73360f3e2dc7",
              "parentUUID": "593b6137-b0ea-4480-9259-470d7ad8473f",
              "isHook": false,
              "skipped": true
            },
            {
              "title": "Check multiple checkboxes",
              "fullTitle": "Verify checkboxes via webdriveruni Check multiple checkboxes",
              "timedOut": null,
              "duration": 0,
              "state": "skipped",
              "speed": null,
              "pass": false,
              "fail": false,
              "pending": false,
              "context": null,
              "code": "cy.get('input[type=\"checkbox\"]').check([\"option-1\", \"option-2\", \"option-3\", \"option-4\"]).should(\"be.checked\");",
              "err": {},
              "uuid": "c7fa299f-e1a1-4a23-a2a1-11c80abc96fd",
              "parentUUID": "593b6137-b0ea-4480-9259-470d7ad8473f",
              "isHook": false,
              "skipped": true
            }
          ],
          "suites": [],
          "passes": [],
          "failures": [
            "2a4c823b-b240-43c0-8850-3cf26ecc071e"
          ],
          "pending": [],
          "skipped": [
            "0fb26fce-f660-4a5b-a75f-73360f3e2dc7",
            "c7fa299f-e1a1-4a23-a2a1-11c80abc96fd"
          ],
          "duration": 1010,
          "root": false,
          "rootEmpty": false,
          "_timeout": 2000
        }
      ],
      "passes": [],
      "failures": [],
      "pending": [],
      "skipped": [],
      "duration": 0,
      "root": true,
      "rootEmpty": true,
      "_timeout": 2000
    }
  ],
  "meta": {
    "mocha": {
      "version": "7.0.1"
    },
    "mochawesome": {
      "options": {
        "quiet": false,
        "reportFilename": "mochawesome",
        "saveHtml": false,
        "saveJson": true,
        "consoleReporter": "spec",
        "useInlineDiffs": false,
        "code": true
      },
      "version": "6.2.2"
    },
    "marge": {
      "options": {
        "id": "default",
        "reportDir": "cypress/results/mochawesome",
        "quite": true,
        "overwrite": false,
        "html": false,
        "json": true
      },
      "version": "5.2.0"
    }
  }
}