{
  "stats": {
    "suites": 1,
    "tests": 1,
    "passes": 0,
    "pending": 0,
    "failures": 1,
    "start": "2021-07-19T20:41:05.043Z",
    "end": "2021-07-19T20:41:31.597Z",
    "duration": 26554,
    "testsRegistered": 1,
    "passPercent": 0,
    "pendingPercent": 0,
    "other": 0,
    "hasOther": false,
    "skipped": 0,
    "hasSkipped": false
  },
  "results": [
    {
      "uuid": "fa4d9b6d-c799-4be2-bd6c-e3dadefe8a5e",
      "title": "",
      "fullFile": "cypress/integration/automation-test-store/contact-us.js",
      "file": "cypress/integration/automation-test-store/contact-us.js",
      "beforeHooks": [],
      "afterHooks": [],
      "tests": [],
      "suites": [
        {
          "uuid": "82db3fe3-3118-4ae1-8fcb-71d52c68554e",
          "title": "Test Contact Us form via Automation Test Store",
          "fullFile": "",
          "file": "",
          "beforeHooks": [],
          "afterHooks": [],
          "tests": [
            {
              "title": "Should be able to submit a successful submission via contact-us form",
              "fullTitle": "Test Contact Us form via Automation Test Store Should be able to submit a successful submission via contact-us form",
              "timedOut": null,
              "duration": 11508,
              "state": "failed",
              "speed": null,
              "pass": false,
              "fail": true,
              "pending": false,
              "context": null,
              "code": "Cypress.currentTest.retries(1);\ncy.visit(\"https://automationteststore.com/\");\ncy.get('a[href$=\"contact555\"]').click().then(function (linkText) {\n  cy.log(\"Link text is: \" + linkText.text());\n}); //cy.xpath(\"//a[contains(@href, 'contact')]\").click()\ncy.get(\"@user\").then(function (user) {\n  cy.get(\"#ContactUsFrm_first_name\").type(user.first_name);\n  cy.get(\"#ContactUsFrm_email\").type(user.email);\n});\ncy.get(\"#ContactUsFrm_email\").should(\"have.attr\", \"name\", \"email\");\ncy.get(\"#ContactUsFrm_enquiry\").type(\"Do you provide additional discount?\");\ncy.get('button[title=\"Submit\"]').click();\ncy.get(\".mb40 > :nth-child(3)\").should(\"have.text\", \"Your enquiry has been successfully sent to the store owner!\");\ncy.log(\"Test has completed\");\nconsole.log(\"Test has passed\");",
              "err": {
                "message": "AssertionError: Timed out retrying: Expected to find element: `a[href$=\"contact555\"]`, but never found it.",
                "estack": "AssertionError: Timed out retrying: Expected to find element: `a[href$=\"contact555\"]`, but never found it.\n    at Context.eval (https://automationteststore.com/__cypress/tests?p=cypress/integration/automation-test-store/contact-us.js:13:8)",
                "diff": null
              },
              "uuid": "bef0737f-7955-4b65-b500-8b5e88c60b87",
              "parentUUID": "82db3fe3-3118-4ae1-8fcb-71d52c68554e",
              "isHook": false,
              "skipped": false
            }
          ],
          "suites": [],
          "passes": [],
          "failures": [
            "bef0737f-7955-4b65-b500-8b5e88c60b87"
          ],
          "pending": [],
          "skipped": [],
          "duration": 11508,
          "root": false,
          "rootEmpty": false,
          "_timeout": 2000
        }
      ],
      "passes": [],
      "failures": [],
      "pending": [],
      "skipped": [],
      "duration": 0,
      "root": true,
      "rootEmpty": true,
      "_timeout": 2000
    }
  ],
  "meta": {
    "mocha": {
      "version": "7.0.1"
    },
    "mochawesome": {
      "options": {
        "quiet": false,
        "reportFilename": "mochawesome",
        "saveHtml": false,
        "saveJson": true,
        "consoleReporter": "spec",
        "useInlineDiffs": false,
        "code": true
      },
      "version": "6.2.2"
    },
    "marge": {
      "options": {
        "id": "default",
        "reportDir": "cypress/results/mochawesome",
        "quite": true,
        "overwrite": false,
        "html": false,
        "json": true
      },
      "version": "5.2.0"
    }
  }
}