{
  "stats": {
    "suites": 1,
    "tests": 4,
    "passes": 4,
    "pending": 0,
    "failures": 0,
    "start": "2021-07-19T05:38:46.028Z",
    "end": "2021-07-19T05:38:58.633Z",
    "duration": 12605,
    "testsRegistered": 4,
    "passPercent": 100,
    "pendingPercent": 0,
    "other": 0,
    "hasOther": false,
    "skipped": 0,
    "hasSkipped": false
  },
  "results": [
    {
      "uuid": "4ef1ed3a-1ce4-43f7-b627-bcb367c4af93",
      "title": "",
      "fullFile": "cypress/integration/automation-test-store/iterate-over-elements.js",
      "file": "cypress/integration/automation-test-store/iterate-over-elements.js",
      "beforeHooks": [],
      "afterHooks": [],
      "tests": [],
      "suites": [
        {
          "uuid": "a2c941bb-89f6-4137-8ba0-982375942163",
          "title": "Inspect Automation Test Store items using chain of commands",
          "fullFile": "",
          "file": "",
          "beforeHooks": [],
          "afterHooks": [],
          "tests": [
            {
              "title": "Log information about all hair products",
              "fullTitle": "Inspect Automation Test Store items using chain of commands Log information about all hair products",
              "timedOut": null,
              "duration": 3915,
              "state": "passed",
              "speed": "slow",
              "pass": true,
              "fail": false,
              "pending": false,
              "context": null,
              "code": "cy.get(\".fixed_wrapper .prdocutname\").each(function ($el, index, $list) {\n  cy.log(\"Index \" + index + \" : \" + $el.text());\n});",
              "err": {},
              "uuid": "372d0629-ce32-4ef5-970e-de0d2d83895a",
              "parentUUID": "a2c941bb-89f6-4137-8ba0-982375942163",
              "isHook": false,
              "skipped": false
            },
            {
              "title": "Add  specific product to basket",
              "fullTitle": "Inspect Automation Test Store items using chain of commands Add  specific product to basket",
              "timedOut": null,
              "duration": 2438,
              "state": "passed",
              "speed": "slow",
              "pass": true,
              "fail": false,
              "pending": false,
              "context": null,
              "code": "//   cy.get(\".fixed_wrapper .prdocutname\").each(($el, index, $list) => {\n//   if ($el.text().includes(productName)) {\n//     cy.wrap($el).click();\n//   }\n// });\ncy.selectProduct(\"Curls to straight Shampoo\");",
              "err": {},
              "uuid": "7d08b1f4-3227-40de-98a3-07ad134920a8",
              "parentUUID": "a2c941bb-89f6-4137-8ba0-982375942163",
              "isHook": false,
              "skipped": false
            },
            {
              "title": "Add another specific product to basket",
              "fullTitle": "Inspect Automation Test Store items using chain of commands Add another specific product to basket",
              "timedOut": null,
              "duration": 2155,
              "state": "passed",
              "speed": "slow",
              "pass": true,
              "fail": false,
              "pending": false,
              "context": null,
              "code": "cy.selectProduct(\"Seaweed Conditioner\");",
              "err": {},
              "uuid": "81d8694c-fe67-41bf-8991-72ac9e30b044",
              "parentUUID": "a2c941bb-89f6-4137-8ba0-982375942163",
              "isHook": false,
              "skipped": false
            },
            {
              "title": "Add another specific product to basket 2",
              "fullTitle": "Inspect Automation Test Store items using chain of commands Add another specific product to basket 2",
              "timedOut": null,
              "duration": 2651,
              "state": "passed",
              "speed": "slow",
              "pass": true,
              "fail": false,
              "pending": false,
              "context": null,
              "code": "cy.selectProduct(\"Eau Parfumee au The Vert Shampoo\");",
              "err": {},
              "uuid": "1a212ed4-9284-4c90-8baa-4a6c42945c36",
              "parentUUID": "a2c941bb-89f6-4137-8ba0-982375942163",
              "isHook": false,
              "skipped": false
            }
          ],
          "suites": [],
          "passes": [
            "372d0629-ce32-4ef5-970e-de0d2d83895a",
            "7d08b1f4-3227-40de-98a3-07ad134920a8",
            "81d8694c-fe67-41bf-8991-72ac9e30b044",
            "1a212ed4-9284-4c90-8baa-4a6c42945c36"
          ],
          "failures": [],
          "pending": [],
          "skipped": [],
          "duration": 11159,
          "root": false,
          "rootEmpty": false,
          "_timeout": 2000
        }
      ],
      "passes": [],
      "failures": [],
      "pending": [],
      "skipped": [],
      "duration": 0,
      "root": true,
      "rootEmpty": true,
      "_timeout": 2000
    }
  ],
  "meta": {
    "mocha": {
      "version": "7.0.1"
    },
    "mochawesome": {
      "options": {
        "quiet": false,
        "reportFilename": "mochawesome",
        "saveHtml": false,
        "saveJson": true,
        "consoleReporter": "spec",
        "useInlineDiffs": false,
        "code": true
      },
      "version": "6.2.2"
    },
    "marge": {
      "options": {
        "id": "default",
        "reportDir": "cypress/results/mochawesome",
        "quite": true,
        "overwrite": false,
        "html": false,
        "json": true
      },
      "version": "5.2.0"
    }
  }
}