{
  "stats": {
    "suites": 1,
    "tests": 1,
    "passes": 1,
    "pending": 0,
    "failures": 0,
    "start": "2021-07-19T05:39:08.627Z",
    "end": "2021-07-19T05:39:11.371Z",
    "duration": 2744,
    "testsRegistered": 1,
    "passPercent": 100,
    "pendingPercent": 0,
    "other": 0,
    "hasOther": false,
    "skipped": 0,
    "hasSkipped": false
  },
  "results": [
    {
      "uuid": "8feaf92b-1bb3-480b-a630-fdf9569636f0",
      "title": "",
      "fullFile": "cypress/integration/webdriver-uni/autocomplete-dropdown-list.js",
      "file": "cypress/integration/webdriver-uni/autocomplete-dropdown-list.js",
      "beforeHooks": [],
      "afterHooks": [],
      "tests": [],
      "suites": [
        {
          "uuid": "43915bae-53dd-4141-adb1-9712236c9d49",
          "title": "Verify autocomplete dropdown lists via dropdown webdriveruni",
          "fullFile": "",
          "file": "",
          "beforeHooks": [],
          "afterHooks": [],
          "tests": [
            {
              "title": "Select specific product via autocomplete list",
              "fullTitle": "Verify autocomplete dropdown lists via dropdown webdriveruni Select specific product via autocomplete list",
              "timedOut": null,
              "duration": 2677,
              "state": "passed",
              "speed": "slow",
              "pass": true,
              "fail": false,
              "pending": false,
              "context": null,
              "code": "cy.visit(\"http://webdriveruniversity.com/\");\ncy.get(\"#autocomplete-textfield\").invoke(\"removeAttr\", \"target\").click({\n  force: true\n});\ncy.get(\"#myInput\").type(\"A\");\ncy.get(\"#myInputautocomplete-list  >*\").each(function ($el, $index, $list) {\n  var productName = $el.text();\n  var reqProductName = \"Avacado\";\n  if (productName === reqProductName) {\n    cy.get($el).click();\n    cy.get(\"#submit-button\").click();\n    cy.url().should(\"include\", reqProductName);\n  }\n}).then(function () {\n  cy.get(\"#myInput\").type(\"G\");\n  cy.get(\"#myInputautocomplete-list  >*\").each(function ($el, $index, $list) {\n    var productName = $el.text();\n    var reqProductName = \"Grapes\";\n    if (productName === reqProductName) {\n      cy.get($el).click();\n      cy.get(\"#submit-button\").click();\n      cy.url().should(\"include\", reqProductName);\n    }\n  });\n});",
              "err": {},
              "uuid": "b40a4bca-7d3e-4b43-8b1d-4651fa1784a8",
              "parentUUID": "43915bae-53dd-4141-adb1-9712236c9d49",
              "isHook": false,
              "skipped": false
            }
          ],
          "suites": [],
          "passes": [
            "b40a4bca-7d3e-4b43-8b1d-4651fa1784a8"
          ],
          "failures": [],
          "pending": [],
          "skipped": [],
          "duration": 2677,
          "root": false,
          "rootEmpty": false,
          "_timeout": 2000
        }
      ],
      "passes": [],
      "failures": [],
      "pending": [],
      "skipped": [],
      "duration": 0,
      "root": true,
      "rootEmpty": true,
      "_timeout": 2000
    }
  ],
  "meta": {
    "mocha": {
      "version": "7.0.1"
    },
    "mochawesome": {
      "options": {
        "quiet": false,
        "reportFilename": "mochawesome",
        "saveHtml": false,
        "saveJson": true,
        "consoleReporter": "spec",
        "useInlineDiffs": false,
        "code": true
      },
      "version": "6.2.2"
    },
    "marge": {
      "options": {
        "id": "default",
        "reportDir": "cypress/results/mochawesome",
        "quite": true,
        "overwrite": false,
        "html": false,
        "json": true
      },
      "version": "5.2.0"
    }
  }
}