{
  "stats": {
    "suites": 1,
    "tests": 4,
    "passes": 4,
    "pending": 0,
    "failures": 0,
    "start": "2021-07-19T20:41:45.203Z",
    "end": "2021-07-19T20:41:59.725Z",
    "duration": 14522,
    "testsRegistered": 4,
    "passPercent": 100,
    "pendingPercent": 0,
    "other": 0,
    "hasOther": false,
    "skipped": 0,
    "hasSkipped": false
  },
  "results": [
    {
      "uuid": "c951607f-4e4a-4164-a733-c09b5b732157",
      "title": "",
      "fullFile": "cypress/integration/automation-test-store/iterate-over-elements.js",
      "file": "cypress/integration/automation-test-store/iterate-over-elements.js",
      "beforeHooks": [],
      "afterHooks": [],
      "tests": [],
      "suites": [
        {
          "uuid": "8e1b5104-7547-476b-a7bc-598eda7add35",
          "title": "Inspect Automation Test Store items using chain of commands",
          "fullFile": "",
          "file": "",
          "beforeHooks": [],
          "afterHooks": [],
          "tests": [
            {
              "title": "Log information about all hair products",
              "fullTitle": "Inspect Automation Test Store items using chain of commands Log information about all hair products",
              "timedOut": null,
              "duration": 4957,
              "state": "passed",
              "speed": "slow",
              "pass": true,
              "fail": false,
              "pending": false,
              "context": null,
              "code": "cy.get(\".fixed_wrapper .prdocutname\").each(function ($el, index, $list) {\n  cy.log(\"Index \" + index + \" : \" + $el.text());\n});",
              "err": {},
              "uuid": "7fff7b6b-a63e-48b3-a349-e3da46bc36d4",
              "parentUUID": "8e1b5104-7547-476b-a7bc-598eda7add35",
              "isHook": false,
              "skipped": false
            },
            {
              "title": "Add  specific product to basket",
              "fullTitle": "Inspect Automation Test Store items using chain of commands Add  specific product to basket",
              "timedOut": null,
              "duration": 2576,
              "state": "passed",
              "speed": "slow",
              "pass": true,
              "fail": false,
              "pending": false,
              "context": null,
              "code": "//   cy.get(\".fixed_wrapper .prdocutname\").each(($el, index, $list) => {\n//   if ($el.text().includes(productName)) {\n//     cy.wrap($el).click();\n//   }\n// });\ncy.selectProduct(\"Curls to straight Shampoo\");",
              "err": {},
              "uuid": "5af144d1-de5b-4802-8bcd-8a84cc5846f8",
              "parentUUID": "8e1b5104-7547-476b-a7bc-598eda7add35",
              "isHook": false,
              "skipped": false
            },
            {
              "title": "Add another specific product to basket",
              "fullTitle": "Inspect Automation Test Store items using chain of commands Add another specific product to basket",
              "timedOut": null,
              "duration": 2184,
              "state": "passed",
              "speed": "slow",
              "pass": true,
              "fail": false,
              "pending": false,
              "context": null,
              "code": "cy.selectProduct(\"Seaweed Conditioner\");",
              "err": {},
              "uuid": "07b9036b-e936-4cf0-8cfb-1f684f28dcda",
              "parentUUID": "8e1b5104-7547-476b-a7bc-598eda7add35",
              "isHook": false,
              "skipped": false
            },
            {
              "title": "Add another specific product to basket 2",
              "fullTitle": "Inspect Automation Test Store items using chain of commands Add another specific product to basket 2",
              "timedOut": null,
              "duration": 2552,
              "state": "passed",
              "speed": "slow",
              "pass": true,
              "fail": false,
              "pending": false,
              "context": null,
              "code": "cy.selectProduct(\"Eau Parfumee au The Vert Shampoo\");",
              "err": {},
              "uuid": "17f58d52-fca2-44e9-bad3-c090f70fa9ff",
              "parentUUID": "8e1b5104-7547-476b-a7bc-598eda7add35",
              "isHook": false,
              "skipped": false
            }
          ],
          "suites": [],
          "passes": [
            "7fff7b6b-a63e-48b3-a349-e3da46bc36d4",
            "5af144d1-de5b-4802-8bcd-8a84cc5846f8",
            "07b9036b-e936-4cf0-8cfb-1f684f28dcda",
            "17f58d52-fca2-44e9-bad3-c090f70fa9ff"
          ],
          "failures": [],
          "pending": [],
          "skipped": [],
          "duration": 12269,
          "root": false,
          "rootEmpty": false,
          "_timeout": 2000
        }
      ],
      "passes": [],
      "failures": [],
      "pending": [],
      "skipped": [],
      "duration": 0,
      "root": true,
      "rootEmpty": true,
      "_timeout": 2000
    }
  ],
  "meta": {
    "mocha": {
      "version": "7.0.1"
    },
    "mochawesome": {
      "options": {
        "quiet": false,
        "reportFilename": "mochawesome",
        "saveHtml": false,
        "saveJson": true,
        "consoleReporter": "spec",
        "useInlineDiffs": false,
        "code": true
      },
      "version": "6.2.2"
    },
    "marge": {
      "options": {
        "id": "default",
        "reportDir": "cypress/results/mochawesome",
        "quite": true,
        "overwrite": false,
        "html": false,
        "json": true
      },
      "version": "5.2.0"
    }
  }
}