{
  "stats": {
    "suites": 1,
    "tests": 1,
    "passes": 1,
    "pending": 0,
    "failures": 0,
    "start": "2021-07-19T05:39:14.285Z",
    "end": "2021-07-19T05:39:18.270Z",
    "duration": 3985,
    "testsRegistered": 1,
    "passPercent": 100,
    "pendingPercent": 0,
    "other": 0,
    "hasOther": false,
    "skipped": 0,
    "hasSkipped": false
  },
  "results": [
    {
      "uuid": "e18e36fa-8934-48da-96a3-8275160cd2ab",
      "title": "",
      "fullFile": "cypress/integration/webdriver-uni/browser-navigation.js",
      "file": "cypress/integration/webdriver-uni/browser-navigation.js",
      "beforeHooks": [],
      "afterHooks": [],
      "tests": [],
      "suites": [
        {
          "uuid": "eb3ccc28-a850-48cd-8fb4-26cf44afa049",
          "title": "Validate webdriveruni homepage links",
          "fullFile": "",
          "file": "",
          "beforeHooks": [],
          "afterHooks": [],
          "tests": [
            {
              "title": "Confirm links redirect to the correct pages",
              "fullTitle": "Validate webdriveruni homepage links Confirm links redirect to the correct pages",
              "timedOut": null,
              "duration": 3919,
              "state": "passed",
              "speed": "slow",
              "pass": true,
              "fail": false,
              "pending": false,
              "context": null,
              "code": "cy.visit('http://webdriveruniversity.com/');\ncy.get('#contact-us').invoke('removeAttr', 'target').click({\n  force: true\n});\ncy.url().should('include', 'contactus');\ncy.go('back');\ncy.reload(); //cy.reload(true)// reload without using cache\ncy.go('forward');\ncy.url().should('include', 'contactus');\ncy.go('back');\ncy.get('#login-portal').invoke('removeAttr', 'target').click({\n  force: true\n});\ncy.url().should('include', 'Login-Portal');\ncy.go('back');\ncy.get('#to-do-list').invoke('removeAttr', 'target').click({\n  force: true\n});\ncy.url().should('include', 'To-Do-List');\ncy.go('back');",
              "err": {},
              "uuid": "cfcae1ed-f689-4a75-b3ad-1591374634e8",
              "parentUUID": "eb3ccc28-a850-48cd-8fb4-26cf44afa049",
              "isHook": false,
              "skipped": false
            }
          ],
          "suites": [],
          "passes": [
            "cfcae1ed-f689-4a75-b3ad-1591374634e8"
          ],
          "failures": [],
          "pending": [],
          "skipped": [],
          "duration": 3919,
          "root": false,
          "rootEmpty": false,
          "_timeout": 2000
        }
      ],
      "passes": [],
      "failures": [],
      "pending": [],
      "skipped": [],
      "duration": 0,
      "root": true,
      "rootEmpty": true,
      "_timeout": 2000
    }
  ],
  "meta": {
    "mocha": {
      "version": "7.0.1"
    },
    "mochawesome": {
      "options": {
        "quiet": false,
        "reportFilename": "mochawesome",
        "saveHtml": false,
        "saveJson": true,
        "consoleReporter": "spec",
        "useInlineDiffs": false,
        "code": true
      },
      "version": "6.2.2"
    },
    "marge": {
      "options": {
        "id": "default",
        "reportDir": "cypress/results/mochawesome",
        "quite": true,
        "overwrite": false,
        "html": false,
        "json": true
      },
      "version": "5.2.0"
    }
  }
}